<?xml version="1.0" encoding="UTF-8"?>
<coverage generated="1696584181308" clover="3.2.0">
  <project timestamp="1696584181308" name="All files">
    <metrics statements="35" coveredstatements="35" conditionals="13" coveredconditionals="13" methods="11" coveredmethods="11" elements="59" coveredelements="59" complexity="0" loc="35" ncloc="35" packages="1" files="3" classes="3"/>
    <file name="calculator.ts" path="/Users/noom/Developer/ooca-assignment/calculator.ts">
      <metrics statements="17" coveredstatements="17" conditionals="5" coveredconditionals="5" methods="5" coveredmethods="5"/>
      <line num="1" count="1" type="stmt"/>
      <line num="2" count="1" type="stmt"/>
      <line num="6" count="1" type="stmt"/>
      <line num="14" count="6" type="stmt"/>
      <line num="15" count="6" type="stmt"/>
      <line num="16" count="6" type="stmt"/>
      <line num="20" count="7" type="cond" truecount="1" falsecount="0"/>
      <line num="21" count="7" type="stmt"/>
      <line num="23" count="7" type="stmt"/>
      <line num="30" count="3" type="stmt"/>
      <line num="31" count="3" type="stmt"/>
      <line num="32" count="3" type="stmt"/>
      <line num="35" count="3" type="stmt"/>
      <line num="36" count="3" type="stmt"/>
      <line num="39" count="3" type="cond" truecount="1" falsecount="0"/>
      <line num="40" count="1" type="stmt"/>
      <line num="42" count="3" type="stmt"/>
    </file>
    <file name="data.ts" path="/Users/noom/Developer/ooca-assignment/data.ts">
      <metrics statements="10" coveredstatements="10" conditionals="2" coveredconditionals="2" methods="1" coveredmethods="1"/>
      <line num="1" count="1" type="cond" truecount="2" falsecount="0"/>
      <line num="2" count="1" type="stmt"/>
      <line num="3" count="1" type="stmt"/>
      <line num="4" count="1" type="stmt"/>
      <line num="5" count="1" type="stmt"/>
      <line num="6" count="1" type="stmt"/>
      <line num="7" count="1" type="stmt"/>
      <line num="8" count="1" type="stmt"/>
      <line num="11" count="1" type="stmt"/>
      <line num="42" count="1" type="stmt"/>
    </file>
    <file name="rules.ts" path="/Users/noom/Developer/ooca-assignment/rules.ts">
      <metrics statements="8" coveredstatements="8" conditionals="6" coveredconditionals="6" methods="5" coveredmethods="5"/>
      <line num="7" count="2" type="stmt"/>
      <line num="15" count="10" type="stmt"/>
      <line num="19" count="7" type="cond" truecount="2" falsecount="0"/>
      <line num="23" count="5" type="cond" truecount="2" falsecount="0"/>
      <line num="32" count="8" type="stmt"/>
      <line num="36" count="3" type="cond" truecount="2" falsecount="0"/>
      <line num="42" count="2" type="stmt"/>
      <line num="44" count="2" type="stmt"/>
    </file>
  </project>
</coverage>
