{"/Users/noom/Developer/ooca-assignment/calculator.ts": {"path":"/Users/noom/Developer/ooca-assignment/calculator.ts","statementMap":{"0":{"start":{"line":1,"column":0},"end":{"line":1,"column":35}},"1":{"start":{"line":2,"column":0},"end":{"line":2,"column":79}},"2":{"start":{"line":14,"column":4},"end":{"line":14,"column":91}},"3":{"start":{"line":15,"column":4},"end":{"line":15,"column":57}},"4":{"start":{"line":16,"column":4},"end":{"line":16,"column":30}},"5":{"start":{"line":20,"column":4},"end":{"line":22,"column":null}},"6":{"start":{"line":21,"column":6},"end":{"line":21,"column":38}},"7":{"start":{"line":23,"column":4},"end":{"line":23,"column":37}},"8":{"start":{"line":30,"column":22},"end":{"line":30,"column":23}},"9":{"start":{"line":31,"column":4},"end":{"line":38,"column":7}},"10":{"start":{"line":32,"column":6},"end":{"line":32,"column":57}},"11":{"start":{"line":35,"column":6},"end":{"line":37,"column":9}},"12":{"start":{"line":36,"column":8},"end":{"line":36,"column":60}},"13":{"start":{"line":39,"column":4},"end":{"line":41,"column":null}},"14":{"start":{"line":40,"column":6},"end":{"line":40,"column":80}},"15":{"start":{"line":42,"column":4},"end":{"line":42,"column":23}},"16":{"start":{"line":6,"column":0},"end":{"line":6,"column":13}}},"fnMap":{"0":{"name":"(anonymous_0)","decl":{"start":{"line":11,"column":2},"end":{"line":11,"column":null}},"loc":{"start":{"line":11,"column":2},"end":{"line":17,"column":3}}},"1":{"name":"(anonymous_1)","decl":{"start":{"line":19,"column":2},"end":{"line":19,"column":9}},"loc":{"start":{"line":19,"column":30},"end":{"line":24,"column":3}}},"2":{"name":"(anonymous_2)","decl":{"start":{"line":29,"column":2},"end":{"line":29,"column":6}},"loc":{"start":{"line":29,"column":32},"end":{"line":43,"column":3}}},"3":{"name":"(anonymous_3)","decl":{"start":{"line":31,"column":39},"end":{"line":31,"column":40}},"loc":{"start":{"line":31,"column":61},"end":{"line":38,"column":5}}},"4":{"name":"(anonymous_4)","decl":{"start":{"line":35,"column":29},"end":{"line":35,"column":33}},"loc":{"start":{"line":35,"column":36},"end":{"line":37,"column":7}}}},"branchMap":{"0":{"loc":{"start":{"line":19,"column":20},"end":{"line":19,"column":30}},"type":"default-arg","locations":[{"start":{"line":19,"column":29},"end":{"line":19,"column":30}}]},"1":{"loc":{"start":{"line":20,"column":4},"end":{"line":22,"column":null}},"type":"if","locations":[{"start":{"line":20,"column":4},"end":{"line":22,"column":null}}]},"2":{"loc":{"start":{"line":29,"column":7},"end":{"line":29,"column":32}},"type":"default-arg","locations":[{"start":{"line":29,"column":30},"end":{"line":29,"column":32}}]},"3":{"loc":{"start":{"line":29,"column":9},"end":{"line":29,"column":25}},"type":"default-arg","locations":[{"start":{"line":29,"column":20},"end":{"line":29,"column":25}}]},"4":{"loc":{"start":{"line":39,"column":4},"end":{"line":41,"column":null}},"type":"if","locations":[{"start":{"line":39,"column":4},"end":{"line":41,"column":null}}]}},"s":{"0":1,"1":1,"2":6,"3":6,"4":6,"5":7,"6":7,"7":7,"8":3,"9":3,"10":3,"11":3,"12":3,"13":3,"14":1,"15":3,"16":1},"f":{"0":6,"1":7,"2":3,"3":3,"4":3},"b":{"0":[2],"1":[7],"2":[2],"3":[2],"4":[1]}}
,"/Users/noom/Developer/ooca-assignment/data.ts": {"path":"/Users/noom/Developer/ooca-assignment/data.ts","statementMap":{"0":{"start":{"line":1,"column":0},"end":{"line":1,"column":null}},"1":{"start":{"line":2,"column":2},"end":{"line":2,"column":null}},"2":{"start":{"line":3,"column":2},"end":{"line":3,"column":null}},"3":{"start":{"line":4,"column":2},"end":{"line":4,"column":null}},"4":{"start":{"line":5,"column":2},"end":{"line":5,"column":null}},"5":{"start":{"line":6,"column":2},"end":{"line":6,"column":null}},"6":{"start":{"line":7,"column":2},"end":{"line":7,"column":null}},"7":{"start":{"line":8,"column":2},"end":{"line":8,"column":null}},"8":{"start":{"line":11,"column":13},"end":{"line":40,"column":2}},"9":{"start":{"line":42,"column":14},"end":{"line":42,"column":18}}},"fnMap":{"0":{"name":"(anonymous_0)","decl":{"start":{"line":1,"column":0},"end":{"line":1,"column":5}},"loc":{"start":{"line":1,"column":8},"end":{"line":9,"column":1}}}},"branchMap":{"0":{"loc":{"start":{"line":1,"column":5},"end":{"line":1,"column":null}},"type":"binary-expr","locations":[{"start":{"line":1,"column":5},"end":{"line":1,"column":8}},{"start":{"line":1,"column":8},"end":{"line":1,"column":null}}]}},"s":{"0":1,"1":1,"2":1,"3":1,"4":1,"5":1,"6":1,"7":1,"8":1,"9":1},"f":{"0":1},"b":{"0":[1,1]}}
,"/Users/noom/Developer/ooca-assignment/rules.ts": {"path":"/Users/noom/Developer/ooca-assignment/rules.ts","statementMap":{"0":{"start":{"line":7,"column":0},"end":{"line":7,"column":35}},"1":{"start":{"line":15,"column":22},"end":{"line":15,"column":33}},"2":{"start":{"line":15,"column":43},"end":{"line":15,"column":61}},"3":{"start":{"line":15,"column":71},"end":{"line":15,"column":81}},"4":{"start":{"line":19,"column":4},"end":{"line":19,"column":56}},"5":{"start":{"line":23,"column":4},"end":{"line":23,"column":99}},"6":{"start":{"line":42,"column":2},"end":{"line":42,"column":24}},"7":{"start":{"line":32,"column":22},"end":{"line":32,"column":51}},"8":{"start":{"line":36,"column":4},"end":{"line":36,"column":78}},"9":{"start":{"line":44,"column":2},"end":{"line":44,"column":20}}},"fnMap":{"0":{"name":"(anonymous_0)","decl":{"start":{"line":15,"column":2},"end":{"line":15,"column":22}},"loc":{"start":{"line":15,"column":81},"end":{"line":16,"column":3}}},"1":{"name":"(anonymous_1)","decl":{"start":{"line":18,"column":2},"end":{"line":18,"column":7}},"loc":{"start":{"line":18,"column":32},"end":{"line":20,"column":3}}},"2":{"name":"(anonymous_2)","decl":{"start":{"line":22,"column":2},"end":{"line":22,"column":13}},"loc":{"start":{"line":22,"column":38},"end":{"line":24,"column":3}}},"3":{"name":"(anonymous_3)","decl":{"start":{"line":32,"column":2},"end":{"line":32,"column":22}},"loc":{"start":{"line":32,"column":51},"end":{"line":33,"column":3}}},"4":{"name":"(anonymous_4)","decl":{"start":{"line":35,"column":2},"end":{"line":35,"column":13}},"loc":{"start":{"line":35,"column":52},"end":{"line":37,"column":3}}}},"branchMap":{"0":{"loc":{"start":{"line":19,"column":11},"end":{"line":19,"column":55}},"type":"binary-expr","locations":[{"start":{"line":19,"column":11},"end":{"line":19,"column":33}},{"start":{"line":19,"column":37},"end":{"line":19,"column":55}}]},"1":{"loc":{"start":{"line":23,"column":11},"end":{"line":23,"column":98}},"type":"cond-expr","locations":[{"start":{"line":23,"column":37},"end":{"line":23,"column":94}},{"start":{"line":23,"column":97},"end":{"line":23,"column":98}}]},"2":{"loc":{"start":{"line":36,"column":11},"end":{"line":36,"column":77}},"type":"cond-expr","locations":[{"start":{"line":36,"column":22},"end":{"line":36,"column":73}},{"start":{"line":36,"column":76},"end":{"line":36,"column":77}}]}},"s":{"0":2,"1":10,"2":10,"3":10,"4":7,"5":5,"6":2,"7":8,"8":3,"9":2},"f":{"0":10,"1":7,"2":5,"3":8,"4":3},"b":{"0":[7,6],"1":[4,1],"2":[2,1]}}
}
