TN:
SF:calculator.ts
FN:11,(anonymous_0)
FN:19,(anonymous_1)
FN:29,(anonymous_2)
FN:31,(anonymous_3)
FN:35,(anonymous_4)
FNF:5
FNH:5
FNDA:6,(anonymous_0)
FNDA:7,(anonymous_1)
FNDA:3,(anonymous_2)
FNDA:3,(anonymous_3)
FNDA:3,(anonymous_4)
DA:1,1
DA:2,1
DA:6,1
DA:14,6
DA:15,6
DA:16,6
DA:20,7
DA:21,7
DA:23,7
DA:30,3
DA:31,3
DA:32,3
DA:35,3
DA:36,3
DA:39,3
DA:40,1
DA:42,3
LF:17
LH:17
BRDA:19,0,0,2
BRDA:20,1,0,7
BRDA:29,2,0,2
BRDA:29,3,0,2
BRDA:39,4,0,1
BRF:5
BRH:5
end_of_record
TN:
SF:data.ts
FN:1,(anonymous_0)
FNF:1
FNH:1
FNDA:1,(anonymous_0)
DA:1,1
DA:2,1
DA:3,1
DA:4,1
DA:5,1
DA:6,1
DA:7,1
DA:8,1
DA:11,1
DA:42,1
LF:10
LH:10
BRDA:1,0,0,1
BRDA:1,0,1,1
BRF:2
BRH:2
end_of_record
TN:
SF:rules.ts
FN:15,(anonymous_0)
FN:18,(anonymous_1)
FN:22,(anonymous_2)
FN:32,(anonymous_3)
FN:35,(anonymous_4)
FNF:5
FNH:5
FNDA:10,(anonymous_0)
FNDA:7,(anonymous_1)
FNDA:5,(anonymous_2)
FNDA:8,(anonymous_3)
FNDA:3,(anonymous_4)
DA:7,2
DA:15,10
DA:19,7
DA:23,5
DA:32,8
DA:36,3
DA:42,2
DA:44,2
LF:8
LH:8
BRDA:19,0,0,7
BRDA:19,0,1,6
BRDA:23,1,0,4
BRDA:23,1,1,1
BRDA:36,2,0,2
BRDA:36,2,1,1
BRF:6
BRH:6
end_of_record
